[0.045s] DEBUG:colcon:Command line arguments: ['/usr/bin/colcon', 'build', '--packages-select', 'rover_autonav', '--event-handlers', 'console_direct+']
[0.045s] DEBUG:colcon:Parsed command line arguments: Namespace(log_base=None, log_level=None, verb_name='build', build_base='build', install_base='install', merge_install=False, symlink_install=False, test_result_base=None, continue_on_error=False, executor='parallel', parallel_workers=10, event_handlers=['console_direct+'], ignore_user_meta=False, metas=['./colcon.meta'], base_paths=['.'], packages_ignore=None, packages_ignore_regex=None, paths=None, packages_up_to=None, packages_up_to_regex=None, packages_above=None, packages_above_and_dependencies=None, packages_above_depth=None, packages_select_by_dep=None, packages_skip_by_dep=None, packages_skip_up_to=None, packages_select_build_failed=False, packages_skip_build_finished=False, packages_select_test_failures=False, packages_skip_test_passed=False, packages_select=['rover_autonav'], packages_skip=None, packages_select_regex=None, packages_skip_regex=None, packages_start=None, packages_end=None, allow_overriding=[], cmake_args=None, cmake_target=None, cmake_target_skip_unavailable=False, cmake_clean_cache=False, cmake_clean_first=False, cmake_force_configure=False, ament_cmake_args=None, catkin_cmake_args=None, catkin_skip_building_tests=False, verb_parser=<colcon_defaults.argument_parser.defaults.DefaultArgumentsDecorator object at 0xffff9703bf10>, verb_extension=<colcon_core.verb.build.BuildVerb object at 0xffff9703ba90>, main=<bound method BuildVerb.main of <colcon_core.verb.build.BuildVerb object at 0xffff9703ba90>>)
[0.112s] Level 1:colcon.colcon_core.package_discovery:discover_packages(colcon_meta) check parameters
[0.112s] Level 1:colcon.colcon_core.package_discovery:discover_packages(recursive) check parameters
[0.112s] Level 1:colcon.colcon_core.package_discovery:discover_packages(ignore) check parameters
[0.112s] Level 1:colcon.colcon_core.package_discovery:discover_packages(path) check parameters
[0.112s] Level 1:colcon.colcon_core.package_discovery:discover_packages(colcon_meta) discover
[0.112s] Level 1:colcon.colcon_core.package_discovery:discover_packages(recursive) discover
[0.112s] INFO:colcon.colcon_core.package_discovery:Crawling recursively for packages in '/home/parallels/ros_ws'
[0.112s] Level 1:colcon.colcon_core.package_identification:_identify(.) by extensions ['ignore', 'ignore_ament_install']
[0.112s] Level 1:colcon.colcon_core.package_identification:_identify(.) by extension 'ignore'
[0.112s] Level 1:colcon.colcon_core.package_identification:_identify(.) by extension 'ignore_ament_install'
[0.112s] Level 1:colcon.colcon_core.package_identification:_identify(.) by extensions ['colcon_pkg']
[0.112s] Level 1:colcon.colcon_core.package_identification:_identify(.) by extension 'colcon_pkg'
[0.112s] Level 1:colcon.colcon_core.package_identification:_identify(.) by extensions ['colcon_meta']
[0.112s] Level 1:colcon.colcon_core.package_identification:_identify(.) by extension 'colcon_meta'
[0.112s] Level 1:colcon.colcon_core.package_identification:_identify(.) by extensions ['ros']
[0.113s] Level 1:colcon.colcon_core.package_identification:_identify(.) by extension 'ros'
[0.117s] Level 1:colcon.colcon_core.package_identification:_identify(.) by extensions ['cmake', 'python']
[0.117s] Level 1:colcon.colcon_core.package_identification:_identify(.) by extension 'cmake'
[0.117s] Level 1:colcon.colcon_core.package_identification:_identify(.) by extension 'python'
[0.117s] Level 1:colcon.colcon_core.package_identification:_identify(.) by extensions ['python_setup_py']
[0.117s] Level 1:colcon.colcon_core.package_identification:_identify(.) by extension 'python_setup_py'
[0.118s] Level 1:colcon.colcon_core.package_identification:_identify(build) by extensions ['ignore', 'ignore_ament_install']
[0.118s] Level 1:colcon.colcon_core.package_identification:_identify(build) by extension 'ignore'
[0.118s] Level 1:colcon.colcon_core.package_identification:_identify(build) ignored
[0.118s] Level 1:colcon.colcon_core.package_identification:_identify(docs) by extensions ['ignore', 'ignore_ament_install']
[0.118s] Level 1:colcon.colcon_core.package_identification:_identify(docs) by extension 'ignore'
[0.118s] Level 1:colcon.colcon_core.package_identification:_identify(docs) by extension 'ignore_ament_install'
[0.118s] Level 1:colcon.colcon_core.package_identification:_identify(docs) by extensions ['colcon_pkg']
[0.118s] Level 1:colcon.colcon_core.package_identification:_identify(docs) by extension 'colcon_pkg'
[0.118s] Level 1:colcon.colcon_core.package_identification:_identify(docs) by extensions ['colcon_meta']
[0.118s] Level 1:colcon.colcon_core.package_identification:_identify(docs) by extension 'colcon_meta'
[0.118s] Level 1:colcon.colcon_core.package_identification:_identify(docs) by extensions ['ros']
[0.118s] Level 1:colcon.colcon_core.package_identification:_identify(docs) by extension 'ros'
[0.118s] Level 1:colcon.colcon_core.package_identification:_identify(docs) by extensions ['cmake', 'python']
[0.118s] Level 1:colcon.colcon_core.package_identification:_identify(docs) by extension 'cmake'
[0.118s] Level 1:colcon.colcon_core.package_identification:_identify(docs) by extension 'python'
[0.118s] Level 1:colcon.colcon_core.package_identification:_identify(docs) by extensions ['python_setup_py']
[0.118s] Level 1:colcon.colcon_core.package_identification:_identify(docs) by extension 'python_setup_py'
[0.118s] Level 1:colcon.colcon_core.package_identification:_identify(docs/plans) by extensions ['ignore', 'ignore_ament_install']
[0.118s] Level 1:colcon.colcon_core.package_identification:_identify(docs/plans) by extension 'ignore'
[0.118s] Level 1:colcon.colcon_core.package_identification:_identify(docs/plans) by extension 'ignore_ament_install'
[0.118s] Level 1:colcon.colcon_core.package_identification:_identify(docs/plans) by extensions ['colcon_pkg']
[0.118s] Level 1:colcon.colcon_core.package_identification:_identify(docs/plans) by extension 'colcon_pkg'
[0.118s] Level 1:colcon.colcon_core.package_identification:_identify(docs/plans) by extensions ['colcon_meta']
[0.118s] Level 1:colcon.colcon_core.package_identification:_identify(docs/plans) by extension 'colcon_meta'
[0.118s] Level 1:colcon.colcon_core.package_identification:_identify(docs/plans) by extensions ['ros']
[0.118s] Level 1:colcon.colcon_core.package_identification:_identify(docs/plans) by extension 'ros'
[0.118s] Level 1:colcon.colcon_core.package_identification:_identify(docs/plans) by extensions ['cmake', 'python']
[0.118s] Level 1:colcon.colcon_core.package_identification:_identify(docs/plans) by extension 'cmake'
[0.118s] Level 1:colcon.colcon_core.package_identification:_identify(docs/plans) by extension 'python'
[0.118s] Level 1:colcon.colcon_core.package_identification:_identify(docs/plans) by extensions ['python_setup_py']
[0.118s] Level 1:colcon.colcon_core.package_identification:_identify(docs/plans) by extension 'python_setup_py'
[0.118s] Level 1:colcon.colcon_core.package_identification:_identify(install) by extensions ['ignore', 'ignore_ament_install']
[0.118s] Level 1:colcon.colcon_core.package_identification:_identify(install) by extension 'ignore'
[0.118s] Level 1:colcon.colcon_core.package_identification:_identify(install) ignored
[0.118s] Level 1:colcon.colcon_core.package_identification:_identify(log) by extensions ['ignore', 'ignore_ament_install']
[0.118s] Level 1:colcon.colcon_core.package_identification:_identify(log) by extension 'ignore'
[0.118s] Level 1:colcon.colcon_core.package_identification:_identify(log) ignored
[0.118s] Level 1:colcon.colcon_core.package_identification:_identify(src) by extensions ['ignore', 'ignore_ament_install']
[0.118s] Level 1:colcon.colcon_core.package_identification:_identify(src) by extension 'ignore'
[0.118s] Level 1:colcon.colcon_core.package_identification:_identify(src) by extension 'ignore_ament_install'
[0.118s] Level 1:colcon.colcon_core.package_identification:_identify(src) by extensions ['colcon_pkg']
[0.118s] Level 1:colcon.colcon_core.package_identification:_identify(src) by extension 'colcon_pkg'
[0.118s] Level 1:colcon.colcon_core.package_identification:_identify(src) by extensions ['colcon_meta']
[0.118s] Level 1:colcon.colcon_core.package_identification:_identify(src) by extension 'colcon_meta'
[0.118s] Level 1:colcon.colcon_core.package_identification:_identify(src) by extensions ['ros']
[0.118s] Level 1:colcon.colcon_core.package_identification:_identify(src) by extension 'ros'
[0.118s] Level 1:colcon.colcon_core.package_identification:_identify(src) by extensions ['cmake', 'python']
[0.119s] Level 1:colcon.colcon_core.package_identification:_identify(src) by extension 'cmake'
[0.119s] Level 1:colcon.colcon_core.package_identification:_identify(src) by extension 'python'
[0.119s] Level 1:colcon.colcon_core.package_identification:_identify(src) by extensions ['python_setup_py']
[0.119s] Level 1:colcon.colcon_core.package_identification:_identify(src) by extension 'python_setup_py'
[0.119s] Level 1:colcon.colcon_core.package_identification:_identify(src/rover_autonav) by extensions ['ignore', 'ignore_ament_install']
[0.119s] Level 1:colcon.colcon_core.package_identification:_identify(src/rover_autonav) by extension 'ignore'
[0.119s] Level 1:colcon.colcon_core.package_identification:_identify(src/rover_autonav) by extension 'ignore_ament_install'
[0.119s] Level 1:colcon.colcon_core.package_identification:_identify(src/rover_autonav) by extensions ['colcon_pkg']
[0.119s] Level 1:colcon.colcon_core.package_identification:_identify(src/rover_autonav) by extension 'colcon_pkg'
[0.119s] Level 1:colcon.colcon_core.package_identification:_identify(src/rover_autonav) by extensions ['colcon_meta']
[0.119s] Level 1:colcon.colcon_core.package_identification:_identify(src/rover_autonav) by extension 'colcon_meta'
[0.119s] Level 1:colcon.colcon_core.package_identification:_identify(src/rover_autonav) by extensions ['ros']
[0.119s] Level 1:colcon.colcon_core.package_identification:_identify(src/rover_autonav) by extension 'ros'
[0.120s] DEBUG:colcon.colcon_core.package_identification:Package 'src/rover_autonav' with type 'ros.ament_cmake' and name 'rover_autonav'
[0.120s] Level 1:colcon.colcon_core.package_discovery:discover_packages(recursive) using defaults
[0.120s] Level 1:colcon.colcon_core.package_discovery:discover_packages(ignore) discover
[0.120s] Level 1:colcon.colcon_core.package_discovery:discover_packages(ignore) using defaults
[0.120s] Level 1:colcon.colcon_core.package_discovery:discover_packages(path) discover
[0.120s] Level 1:colcon.colcon_core.package_discovery:discover_packages(path) using defaults
[0.129s] Level 1:colcon.colcon_core.package_discovery:discover_packages(prefix_path) check parameters
[0.129s] Level 1:colcon.colcon_core.package_discovery:discover_packages(prefix_path) discover
[0.132s] DEBUG:colcon.colcon_installed_package_information.package_discovery:Found 382 installed packages in /opt/ros/humble
[0.137s] Level 1:colcon.colcon_core.package_discovery:discover_packages(prefix_path) using defaults
[0.159s] Level 5:colcon.colcon_core.verb:set package 'rover_autonav' build argument 'cmake_args' from command line to 'None'
[0.159s] Level 5:colcon.colcon_core.verb:set package 'rover_autonav' build argument 'cmake_target' from command line to 'None'
[0.159s] Level 5:colcon.colcon_core.verb:set package 'rover_autonav' build argument 'cmake_target_skip_unavailable' from command line to 'False'
[0.159s] Level 5:colcon.colcon_core.verb:set package 'rover_autonav' build argument 'cmake_clean_cache' from command line to 'False'
[0.159s] Level 5:colcon.colcon_core.verb:set package 'rover_autonav' build argument 'cmake_clean_first' from command line to 'False'
[0.159s] Level 5:colcon.colcon_core.verb:set package 'rover_autonav' build argument 'cmake_force_configure' from command line to 'False'
[0.159s] Level 5:colcon.colcon_core.verb:set package 'rover_autonav' build argument 'ament_cmake_args' from command line to 'None'
[0.159s] Level 5:colcon.colcon_core.verb:set package 'rover_autonav' build argument 'catkin_cmake_args' from command line to 'None'
[0.159s] Level 5:colcon.colcon_core.verb:set package 'rover_autonav' build argument 'catkin_skip_building_tests' from command line to 'False'
[0.159s] DEBUG:colcon.colcon_core.verb:Building package 'rover_autonav' with the following arguments: {'ament_cmake_args': None, 'build_base': '/home/parallels/ros_ws/build/rover_autonav', 'catkin_cmake_args': None, 'catkin_skip_building_tests': False, 'cmake_args': None, 'cmake_clean_cache': False, 'cmake_clean_first': False, 'cmake_force_configure': False, 'cmake_target': None, 'cmake_target_skip_unavailable': False, 'install_base': '/home/parallels/ros_ws/install/rover_autonav', 'merge_install': False, 'path': '/home/parallels/ros_ws/src/rover_autonav', 'symlink_install': False, 'test_result_base': None}
[0.159s] INFO:colcon.colcon_core.executor:Executing jobs using 'parallel' executor
[0.160s] DEBUG:colcon.colcon_parallel_executor.executor.parallel:run_until_complete
[0.160s] INFO:colcon.colcon_ros.task.ament_cmake.build:Building ROS package in '/home/parallels/ros_ws/src/rover_autonav' with build type 'ament_cmake'
[0.160s] INFO:colcon.colcon_cmake.task.cmake.build:Building CMake package in '/home/parallels/ros_ws/src/rover_autonav'
[0.161s] INFO:colcon.colcon_core.plugin_system:Skipping extension 'colcon_core.shell.bat': Not used on non-Windows systems
[0.161s] INFO:colcon.colcon_core.shell:Skip shell extension 'powershell' for command environment: Not usable outside of PowerShell
[0.161s] DEBUG:colcon.colcon_core.shell:Skip shell extension 'dsv' for command environment
[0.165s] DEBUG:colcon.colcon_core.event_handler.log_command:Invoking command in '/home/parallels/ros_ws/build/rover_autonav': CMAKE_PREFIX_PATH=/opt/ros/humble /usr/bin/cmake --build /home/parallels/ros_ws/build/rover_autonav -- -j10 -l10
[0.179s] DEBUG:colcon.colcon_core.event_handler.log_command:Invoked command in '/home/parallels/ros_ws/build/rover_autonav' returned '0': CMAKE_PREFIX_PATH=/opt/ros/humble /usr/bin/cmake --build /home/parallels/ros_ws/build/rover_autonav -- -j10 -l10
[30.177s] DEBUG:colcon.colcon_core.event_handler.log_command:Invoking command in '/home/parallels/ros_ws/build/rover_autonav': CMAKE_PREFIX_PATH=/opt/ros/humble /usr/bin/cmake --install /home/parallels/ros_ws/build/rover_autonav
[30.202s] Level 1:colcon.colcon_core.environment:create_environment_scripts_only(rover_autonav)
[30.202s] DEBUG:colcon.colcon_core.event_handler.log_command:Invoked command in '/home/parallels/ros_ws/build/rover_autonav' returned '0': CMAKE_PREFIX_PATH=/opt/ros/humble /usr/bin/cmake --install /home/parallels/ros_ws/build/rover_autonav
[30.203s] Level 1:colcon.colcon_core.environment:checking '/home/parallels/ros_ws/install/rover_autonav' for CMake module files
[30.203s] Level 1:colcon.colcon_core.environment:checking '/home/parallels/ros_ws/install/rover_autonav' for CMake config files
[30.204s] Level 1:colcon.colcon_core.shell:create_environment_hook('rover_autonav', 'cmake_prefix_path')
[30.204s] INFO:colcon.colcon_core.shell:Creating environment hook '/home/parallels/ros_ws/install/rover_autonav/share/rover_autonav/hook/cmake_prefix_path.ps1'
[30.204s] INFO:colcon.colcon_core.shell:Creating environment descriptor '/home/parallels/ros_ws/install/rover_autonav/share/rover_autonav/hook/cmake_prefix_path.dsv'
[30.204s] INFO:colcon.colcon_core.shell:Creating environment hook '/home/parallels/ros_ws/install/rover_autonav/share/rover_autonav/hook/cmake_prefix_path.sh'
[30.205s] Level 1:colcon.colcon_core.environment:checking '/home/parallels/ros_ws/install/rover_autonav/lib'
[30.205s] Level 1:colcon.colcon_core.environment:checking '/home/parallels/ros_ws/install/rover_autonav/bin'
[30.205s] Level 1:colcon.colcon_core.environment:checking '/home/parallels/ros_ws/install/rover_autonav/lib/pkgconfig/rover_autonav.pc'
[30.205s] Level 1:colcon.colcon_core.environment:checking '/home/parallels/ros_ws/install/rover_autonav/lib/python3.10/site-packages'
[30.205s] Level 1:colcon.colcon_core.environment:checking '/home/parallels/ros_ws/install/rover_autonav/bin'
[30.205s] INFO:colcon.colcon_core.shell:Creating package script '/home/parallels/ros_ws/install/rover_autonav/share/rover_autonav/package.ps1'
[30.206s] INFO:colcon.colcon_core.shell:Creating package descriptor '/home/parallels/ros_ws/install/rover_autonav/share/rover_autonav/package.dsv'
[30.206s] INFO:colcon.colcon_core.shell:Creating package script '/home/parallels/ros_ws/install/rover_autonav/share/rover_autonav/package.sh'
[30.206s] INFO:colcon.colcon_core.shell:Creating package script '/home/parallels/ros_ws/install/rover_autonav/share/rover_autonav/package.bash'
[30.206s] INFO:colcon.colcon_core.shell:Creating package script '/home/parallels/ros_ws/install/rover_autonav/share/rover_autonav/package.zsh'
[30.207s] Level 1:colcon.colcon_core.environment:create_file_with_runtime_dependencies(/home/parallels/ros_ws/install/rover_autonav/share/colcon-core/packages/rover_autonav)
[60.173s] Level 1:colcon.colcon_core.environment:create_environment_scripts_only(rover_autonav)
[60.174s] Level 1:colcon.colcon_core.environment:checking '/home/parallels/ros_ws/install/rover_autonav' for CMake module files
[60.175s] Level 1:colcon.colcon_core.environment:checking '/home/parallels/ros_ws/install/rover_autonav' for CMake config files
[60.176s] Level 1:colcon.colcon_core.shell:create_environment_hook('rover_autonav', 'cmake_prefix_path')
[60.177s] INFO:colcon.colcon_core.shell:Creating environment hook '/home/parallels/ros_ws/install/rover_autonav/share/rover_autonav/hook/cmake_prefix_path.ps1'
[60.178s] INFO:colcon.colcon_core.shell:Creating environment descriptor '/home/parallels/ros_ws/install/rover_autonav/share/rover_autonav/hook/cmake_prefix_path.dsv'
[60.179s] INFO:colcon.colcon_core.shell:Creating environment hook '/home/parallels/ros_ws/install/rover_autonav/share/rover_autonav/hook/cmake_prefix_path.sh'
[60.180s] Level 1:colcon.colcon_core.environment:checking '/home/parallels/ros_ws/install/rover_autonav/lib'
[60.180s] Level 1:colcon.colcon_core.environment:checking '/home/parallels/ros_ws/install/rover_autonav/bin'
[60.180s] Level 1:colcon.colcon_core.environment:checking '/home/parallels/ros_ws/install/rover_autonav/lib/pkgconfig/rover_autonav.pc'
[60.181s] Level 1:colcon.colcon_core.environment:checking '/home/parallels/ros_ws/install/rover_autonav/lib/python3.10/site-packages'
[60.181s] Level 1:colcon.colcon_core.environment:checking '/home/parallels/ros_ws/install/rover_autonav/bin'
[60.181s] INFO:colcon.colcon_core.shell:Creating package script '/home/parallels/ros_ws/install/rover_autonav/share/rover_autonav/package.ps1'
[60.182s] INFO:colcon.colcon_core.shell:Creating package descriptor '/home/parallels/ros_ws/install/rover_autonav/share/rover_autonav/package.dsv'
[60.182s] INFO:colcon.colcon_core.shell:Creating package script '/home/parallels/ros_ws/install/rover_autonav/share/rover_autonav/package.sh'
[60.183s] INFO:colcon.colcon_core.shell:Creating package script '/home/parallels/ros_ws/install/rover_autonav/share/rover_autonav/package.bash'
[60.183s] INFO:colcon.colcon_core.shell:Creating package script '/home/parallels/ros_ws/install/rover_autonav/share/rover_autonav/package.zsh'
[60.183s] Level 1:colcon.colcon_core.environment:create_file_with_runtime_dependencies(/home/parallels/ros_ws/install/rover_autonav/share/colcon-core/packages/rover_autonav)
[60.184s] DEBUG:colcon.colcon_parallel_executor.executor.parallel:closing loop
[60.184s] DEBUG:colcon.colcon_parallel_executor.executor.parallel:loop closed
[60.184s] DEBUG:colcon.colcon_parallel_executor.executor.parallel:run_until_complete finished with '0'
[60.184s] DEBUG:colcon.colcon_core.event_reactor:joining thread
[60.189s] INFO:colcon.colcon_core.plugin_system:Skipping extension 'colcon_notification.desktop_notification.terminal_notifier': Not used on non-Darwin systems
[60.189s] INFO:colcon.colcon_core.plugin_system:Skipping extension 'colcon_notification.desktop_notification.win32': Not used on non-Windows systems
[60.189s] INFO:colcon.colcon_notification.desktop_notification:Sending desktop notification using 'notify2'
[60.189s] DEBUG:colcon.colcon_notification.desktop_notification.notify2:Failed to initialize notify2: org.freedesktop.DBus.Error.AccessDenied: Failed to connect to socket /run/user/1000/bus: Operation not permitted
[60.189s] DEBUG:colcon.colcon_core.event_reactor:joined thread
[60.190s] INFO:colcon.colcon_core.shell:Creating prefix script '/home/parallels/ros_ws/install/local_setup.ps1'
[60.190s] INFO:colcon.colcon_core.shell:Creating prefix util module '/home/parallels/ros_ws/install/_local_setup_util_ps1.py'
[60.192s] INFO:colcon.colcon_core.shell:Creating prefix chain script '/home/parallels/ros_ws/install/setup.ps1'
[60.192s] INFO:colcon.colcon_core.shell:Creating prefix script '/home/parallels/ros_ws/install/local_setup.sh'
[60.193s] INFO:colcon.colcon_core.shell:Creating prefix util module '/home/parallels/ros_ws/install/_local_setup_util_sh.py'
[60.193s] INFO:colcon.colcon_core.shell:Creating prefix chain script '/home/parallels/ros_ws/install/setup.sh'
[60.194s] INFO:colcon.colcon_core.shell:Creating prefix script '/home/parallels/ros_ws/install/local_setup.bash'
[60.194s] INFO:colcon.colcon_core.shell:Creating prefix chain script '/home/parallels/ros_ws/install/setup.bash'
[60.195s] INFO:colcon.colcon_core.shell:Creating prefix script '/home/parallels/ros_ws/install/local_setup.zsh'
[60.195s] INFO:colcon.colcon_core.shell:Creating prefix chain script '/home/parallels/ros_ws/install/setup.zsh'
