[0.004s] Invoking command in '/home/parallels/ros_ws/build/rover_autonav': CMAKE_PREFIX_PATH=/opt/ros/humble /usr/bin/cmake --build /home/parallels/ros_ws/build/rover_autonav -- -j10 -l10
[0.013s] -- Found ament_cmake: 1.3.12 (/opt/ros/humble/share/ament_cmake/cmake)
[0.063s] -- Override CMake install command with custom implementation using symlinks instead of copying resources
[0.095s] -- Configuring done
[0.096s] -- Generating done
[0.097s] -- Build files have been written to: /home/parallels/ros_ws/build/rover_autonav
[30.035s] Invoked command in '/home/parallels/ros_ws/build/rover_autonav' returned '0': CMAKE_PREFIX_PATH=/opt/ros/humble /usr/bin/cmake --build /home/parallels/ros_ws/build/rover_autonav -- -j10 -l10
[30.047s] Invoking command in '/home/parallels/ros_ws/build/rover_autonav': CMAKE_PREFIX_PATH=/opt/ros/humble /usr/bin/cmake --install /home/parallels/ros_ws/build/rover_autonav
[30.049s] -- Install configuration: ""
[30.050s] -- Execute custom install script
[30.050s] -- Up-to-date symlink: /home/parallels/ros_ws/install/rover_autonav/share/rover_autonav/config/nav2_params.yaml
[30.050s] -- Up-to-date symlink: /home/parallels/ros_ws/install/rover_autonav/share/rover_autonav/config/zed_config.yaml
[30.050s] -- Up-to-date symlink: /home/parallels/ros_ws/install/rover_autonav/share/rover_autonav/description/rover.urdf.xacro
[30.050s] -- Up-to-date symlink: /home/parallels/ros_ws/install/rover_autonav/share/rover_autonav/launch/autonav.launch.py
[30.050s] -- Up-to-date symlink: /home/parallels/ros_ws/install/rover_autonav/share/rover_autonav/launch/foxglove.launch.py
[30.050s] -- Up-to-date symlink: /home/parallels/ros_ws/install/rover_autonav/share/rover_autonav/launch/motors.launch.py
[30.051s] -- Up-to-date symlink: /home/parallels/ros_ws/install/rover_autonav/share/rover_autonav/launch/nav2.launch.py
[30.051s] -- Up-to-date symlink: /home/parallels/ros_ws/install/rover_autonav/share/rover_autonav/launch/zed.launch.py
[30.051s] -- Up-to-date symlink: /home/parallels/ros_ws/install/rover_autonav/lib/rover_autonav/motor_driver.py
[30.051s] -- Up-to-date symlink: /home/parallels/ros_ws/install/rover_autonav/share/ament_index/resource_index/package_run_dependencies/rover_autonav
[30.051s] -- Up-to-date symlink: /home/parallels/ros_ws/install/rover_autonav/share/ament_index/resource_index/parent_prefix_path/rover_autonav
[30.051s] -- Up-to-date symlink: /home/parallels/ros_ws/install/rover_autonav/share/rover_autonav/environment/ament_prefix_path.sh
[30.051s] -- Up-to-date symlink: /home/parallels/ros_ws/install/rover_autonav/share/rover_autonav/environment/ament_prefix_path.dsv
[30.051s] -- Up-to-date symlink: /home/parallels/ros_ws/install/rover_autonav/share/rover_autonav/environment/path.sh
[30.051s] -- Up-to-date symlink: /home/parallels/ros_ws/install/rover_autonav/share/rover_autonav/environment/path.dsv
[30.051s] -- Up-to-date symlink: /home/parallels/ros_ws/install/rover_autonav/share/rover_autonav/local_setup.bash
[30.051s] -- Up-to-date symlink: /home/parallels/ros_ws/install/rover_autonav/share/rover_autonav/local_setup.sh
[30.051s] -- Up-to-date symlink: /home/parallels/ros_ws/install/rover_autonav/share/rover_autonav/local_setup.zsh
[30.051s] -- Up-to-date symlink: /home/parallels/ros_ws/install/rover_autonav/share/rover_autonav/local_setup.dsv
[30.051s] -- Symlinking: /home/parallels/ros_ws/install/rover_autonav/share/rover_autonav/package.dsv
[30.054s] -- Up-to-date symlink: /home/parallels/ros_ws/install/rover_autonav/share/ament_index/resource_index/packages/rover_autonav
[30.055s] -- Up-to-date symlink: /home/parallels/ros_ws/install/rover_autonav/share/rover_autonav/cmake/rover_autonavConfig.cmake
[30.055s] -- Up-to-date symlink: /home/parallels/ros_ws/install/rover_autonav/share/rover_autonav/cmake/rover_autonavConfig-version.cmake
[30.055s] -- Up-to-date symlink: /home/parallels/ros_ws/install/rover_autonav/share/rover_autonav/package.xml
[30.055s] Invoked command in '/home/parallels/ros_ws/build/rover_autonav' returned '0': CMAKE_PREFIX_PATH=/opt/ros/humble /usr/bin/cmake --install /home/parallels/ros_ws/build/rover_autonav
